15:39:19  [main] 	Initializing Control Panel
15:39:19  [main] 	Windows Version:  Home  64-bit
15:39:19  [main] 	XAMPP Version: 8.0.30
15:39:19  [main] 	Control Panel Version: 3.3.0  [ Compiled: Apr 6th 2021 ]
15:39:19  [main] 	You are not running with administrator rights! This will work for
15:39:19  [main] 	most application stuff but whenever you do something with services
15:39:19  [main] 	there will be a security dialogue or things will break! So think 
15:39:19  [main] 	about running this application with administrator rights!
15:39:19  [main] 	XAMPP Installation Directory: "c:\xampp\"
15:39:19  [main] 	Checking for prerequisites
15:39:21  [main] 	All prerequisites found
15:39:21  [main] 	Initializing Modules
15:39:21  [main] 	Starting Check-Timer
15:39:21  [main] 	Control Panel Ready
15:39:24  [Apache] 	Attempting to start Apache app...
15:39:24  [Apache] 	Status change detected: running
15:39:25  [mysql] 	Attempting to start MySQL app...
15:39:25  [mysql] 	Status change detected: running
15:58:19  [mysql] 	Attempting to stop MySQL app...
15:58:19  [mysql] 	Status change detected: stopped
15:58:20  [Apache] 	Attempting to stop Apache (PID: 5304)
15:58:20  [Apache] 	Attempting to stop Apache (PID: 24336)
15:58:20  [Apache] 	Status change detected: stopped
16:13:59  [Apache] 	Attempting to start Apache app...
16:13:59  [Apache] 	Status change detected: running
16:14:00  [mysql] 	Attempting to start MySQL app...
16:14:00  [mysql] 	Status change detected: running
16:36:39  [mysql] 	Attempting to stop MySQL app...
16:36:39  [mysql] 	Status change detected: stopped
16:36:40  [Apache] 	Attempting to stop Apache (PID: 1336)
16:36:40  [Apache] 	Attempting to stop Apache (PID: 19696)
16:36:41  [Apache] 	Status change detected: stopped
18:07:30  [main] 	Deinitializing Modules
18:07:30  [main] 	Deinitializing Control Panel

10:45:10  [main] 	Initializing Control Panel
10:45:10  [main] 	Windows Version:  Home  64-bit
10:45:10  [main] 	XAMPP Version: 8.0.30
10:45:10  [main] 	Control Panel Version: 3.3.0  [ Compiled: Apr 6th 2021 ]
10:45:10  [main] 	You are not running with administrator rights! This will work for
10:45:10  [main] 	most application stuff but whenever you do something with services
10:45:10  [main] 	there will be a security dialogue or things will break! So think 
10:45:10  [main] 	about running this application with administrator rights!
10:45:10  [main] 	XAMPP Installation Directory: "c:\xampp\"
10:45:10  [main] 	Checking for prerequisites
10:45:11  [main] 	All prerequisites found
10:45:11  [main] 	Initializing Modules
10:45:11  [main] 	Starting Check-Timer
10:45:11  [main] 	Control Panel Ready
10:45:15  [Apache] 	Attempting to start Apache app...
10:45:15  [Apache] 	Status change detected: running
10:45:16  [mysql] 	Attempting to start MySQL app...
10:45:16  [mysql] 	Status change detected: running
12:20:55  [main] 	Deinitializing Modules
12:20:55  [main] 	Deinitializing Control Panel

10:13:09  [main] 	Initializing Control Panel
10:13:09  [main] 	Windows Version:  Enterprise  64-bit
10:13:09  [main] 	XAMPP Version: 8.0.30
10:13:09  [main] 	Control Panel Version: 3.3.0  [ Compiled: Apr 6th 2021 ]
10:13:09  [main] 	Running with Administrator rights - good!
10:13:09  [main] 	XAMPP Installation Directory: "c:\xampp\"
10:13:09  [main] 	Checking for prerequisites
10:13:09  [main] 	All prerequisites found
10:13:09  [main] 	Initializing Modules
10:13:09  [main] 	Starting Check-Timer
10:13:09  [main] 	Control Panel Ready
10:13:10  [Apache] 	Attempting to start Apache service...
10:13:11  [mysql] 	Attempting to start MySQL service...
10:13:12  [Apache] 	Status change detected: running
10:13:12  [mysql] 	Status change detected: running
10:18:38  [main] 	Deinitializing Modules
10:18:38  [main] 	Deinitializing Control Panel

10:31:18  [main] 	Initializing Control Panel
10:31:18  [main] 	Windows Version:  Enterprise  64-bit
10:31:18  [main] 	XAMPP Version: 8.0.30
10:31:18  [main] 	Control Panel Version: 3.3.0  [ Compiled: Apr 6th 2021 ]
10:31:18  [main] 	Running with Administrator rights - good!
10:31:18  [main] 	XAMPP Installation Directory: "c:\xampp\"
10:31:18  [main] 	Checking for prerequisites
10:31:19  [main] 	All prerequisites found
10:31:19  [main] 	Initializing Modules
10:31:19  [Apache] 	XAMPP Apache Service is already running on port 80
10:31:19  [Apache] 	XAMPP Apache Service is already running on port 443
10:31:19  [mysql] 	XAMPP MySQL Service is already running on port 3306
10:31:19  [main] 	Starting Check-Timer
10:31:19  [main] 	Control Panel Ready
13:15:21  [main] 	Deinitializing Modules
13:15:22  [main] 	Deinitializing Control Panel

09:34:31  [main] 	Initializing Control Panel
09:34:31  [main] 	Windows Version:  Enterprise  64-bit
09:34:31  [main] 	XAMPP Version: 8.0.30
09:34:31  [main] 	Control Panel Version: 3.3.0  [ Compiled: Apr 6th 2021 ]
09:34:31  [main] 	Running with Administrator rights - good!
09:34:31  [main] 	XAMPP Installation Directory: "c:\xampp\"
09:34:31  [main] 	Checking for prerequisites
09:34:34  [main] 	All prerequisites found
09:34:34  [main] 	Initializing Modules
09:34:34  [Apache] 	XAMPP Apache Service is already running on port 80
09:34:34  [Apache] 	XAMPP Apache Service is already running on port 443
09:34:34  [mysql] 	XAMPP MySQL Service is already running on port 3306
09:34:34  [main] 	Starting Check-Timer
09:34:34  [main] 	Control Panel Ready
10:28:22  [main] 	Deinitializing Modules
10:28:22  [main] 	Deinitializing Control Panel

17:21:57  [main] 	Initializing Control Panel
17:21:57  [main] 	Windows Version:  Enterprise  64-bit
17:21:57  [main] 	XAMPP Version: 8.0.30
17:21:57  [main] 	Control Panel Version: 3.3.0  [ Compiled: Apr 6th 2021 ]
17:21:57  [main] 	Running with Administrator rights - good!
17:21:57  [main] 	XAMPP Installation Directory: "c:\xampp\"
17:21:57  [main] 	Checking for prerequisites
17:21:59  [main] 	All prerequisites found
17:21:59  [main] 	Initializing Modules
17:21:59  [Apache] 	XAMPP Apache Service is already running on port 80
17:21:59  [Apache] 	XAMPP Apache Service is already running on port 443
17:21:59  [mysql] 	XAMPP MySQL Service is already running on port 3306
17:21:59  [main] 	Starting Check-Timer
17:21:59  [main] 	Control Panel Ready
17:26:20  [main] 	Deinitializing Modules
17:26:20  [main] 	Deinitializing Control Panel

17:21:57  [main] 	Initializing Control Panel
17:21:57  [main] 	Windows Version:  Enterprise  64-bit
17:21:57  [main] 	XAMPP Version: 8.0.30
17:21:57  [main] 	Control Panel Version: 3.3.0  [ Compiled: Apr 6th 2021 ]
17:21:57  [main] 	Running with Administrator rights - good!
17:21:57  [main] 	XAMPP Installation Directory: "c:\xampp\"
17:21:57  [main] 	Checking for prerequisites
17:21:59  [main] 	All prerequisites found
17:21:59  [main] 	Initializing Modules
17:21:59  [Apache] 	XAMPP Apache Service is already running on port 80
17:21:59  [Apache] 	XAMPP Apache Service is already running on port 443
17:21:59  [mysql] 	XAMPP MySQL Service is already running on port 3306
17:21:59  [main] 	Starting Check-Timer
17:21:59  [main] 	Control Panel Ready
17:26:20  [main] 	Deinitializing Modules
17:26:20  [main] 	Deinitializing Control Panel

